[debug] [2024-11-18T18:07:12.004Z] ----------------------------------------------------------------------
[debug] [2024-11-18T18:07:12.006Z] Command:       C:\Program Files\nodejs\node.exe C:\Users\USER\AppData\Roaming\npm\node_modules\firebase-tools\lib\bin\firebase.js init
[debug] [2024-11-18T18:07:12.006Z] CLI Version:   13.23.1
[debug] [2024-11-18T18:07:12.007Z] Platform:      win32
[debug] [2024-11-18T18:07:12.007Z] Node Version:  v20.15.1
[debug] [2024-11-18T18:07:12.007Z] Time:          Mon Nov 18 2024 23:37:12 GMT+0530 (India Standard Time)
[debug] [2024-11-18T18:07:12.007Z] ----------------------------------------------------------------------
[debug] 
[debug] [2024-11-18T18:07:12.013Z] > command requires scopes: ["email","openid","https://www.googleapis.com/auth/cloudplatformprojects.readonly","https://www.googleapis.com/auth/firebase","https://www.googleapis.com/auth/cloud-platform"]
[debug] [2024-11-18T18:07:12.014Z] > authorizing via signed-in user (dumindusilva2003@gmail.com)
[info] 
     ######## #### ########  ######## ########     ###     ######  ########
     ##        ##  ##     ## ##       ##     ##  ##   ##  ##       ##
     ######    ##  ########  ######   ########  #########  ######  ######
     ##        ##  ##    ##  ##       ##     ## ##     ##       ## ##
     ##       #### ##     ## ######## ########  ##     ##  ######  ########

You're about to initialize a Firebase project in this directory:

  C:\Users\USER\Documents\GDSE-70\VSCODE-Project\Assignment-9

[info] 
=== Project Setup
[info] 
[info] First, let's associate this project directory with a Firebase project.
[info] You can create multiple project aliases by running firebase use --add, 
[info] but for now we'll just set up a default project.
[info] 
[debug] [2024-11-18T18:07:26.463Z] Checked if tokens are valid: false, expires at: 1730398378587
[debug] [2024-11-18T18:07:26.463Z] Checked if tokens are valid: false, expires at: 1730398378587
[debug] [2024-11-18T18:07:26.464Z] > refreshing access token with scopes: []
[debug] [2024-11-18T18:07:26.465Z] >>> [apiv2][query] POST https://www.googleapis.com/oauth2/v3/token [none]
[debug] [2024-11-18T18:07:26.465Z] >>> [apiv2][body] POST https://www.googleapis.com/oauth2/v3/token [omitted]
[debug] [2024-11-18T18:07:26.913Z] <<< [apiv2][status] POST https://www.googleapis.com/oauth2/v3/token 400
[debug] [2024-11-18T18:07:26.913Z] <<< [apiv2][body] POST https://www.googleapis.com/oauth2/v3/token [omitted]
[debug] [2024-11-18T18:07:26.913Z] >>> [apiv2][query] GET https://firebase.googleapis.com/v1beta1/projects pageSize=100
[debug] [2024-11-18T18:07:27.550Z] <<< [apiv2][status] GET https://firebase.googleapis.com/v1beta1/projects 401
[debug] [2024-11-18T18:07:27.550Z] <<< [apiv2][body] GET https://firebase.googleapis.com/v1beta1/projects [omitted]
[debug] [2024-11-18T18:07:27.550Z] Got a 401 Unauthenticated error for a call that required authentication. Refreshing tokens.
[debug] [2024-11-18T18:07:27.550Z] Checked if tokens are valid: false, expires at: 1730398378587
[debug] [2024-11-18T18:07:27.550Z] Checked if tokens are valid: false, expires at: 1730398378587
[debug] [2024-11-18T18:07:27.550Z] > refreshing access token with scopes: []
[debug] [2024-11-18T18:07:27.550Z] >>> [apiv2][query] POST https://www.googleapis.com/oauth2/v3/token [none]
[debug] [2024-11-18T18:07:27.550Z] >>> [apiv2][body] POST https://www.googleapis.com/oauth2/v3/token [omitted]
[debug] [2024-11-18T18:07:27.734Z] <<< [apiv2][status] POST https://www.googleapis.com/oauth2/v3/token 400
[debug] [2024-11-18T18:07:27.734Z] <<< [apiv2][body] POST https://www.googleapis.com/oauth2/v3/token [omitted]
[debug] [2024-11-18T18:07:27.735Z] Request to https://firebase.googleapis.com/v1beta1/projects?pageSize=100 had HTTP Error: 401, Request had invalid authentication credentials. Expected OAuth 2 access token, login cookie or other valid authentication credential. See https://developers.google.com/identity/sign-in/web/devconsole-project.
[debug] [2024-11-18T18:07:27.735Z] FirebaseError: Request to https://firebase.googleapis.com/v1beta1/projects?pageSize=100 had HTTP Error: 401, Request had invalid authentication credentials. Expected OAuth 2 access token, login cookie or other valid authentication credential. See https://developers.google.com/identity/sign-in/web/devconsole-project.
    at responseToError (C:\Users\USER\AppData\Roaming\npm\node_modules\firebase-tools\lib\responseToError.js:52:12)
    at RetryOperation._fn (C:\Users\USER\AppData\Roaming\npm\node_modules\firebase-tools\lib\apiv2.js:312:77)
    at process.processTicksAndRejections (node:internal/process/task_queues:95:5)
[error] 
[error] Error: Failed to list Firebase projects. See firebase-debug.log for more info.
